<?xml version="1.0" encoding="UTF-8"?>
<testng-results ignored="0" total="1" passed="1" failed="0" skipped="0">
  <reporter-output>
  </reporter-output>
  <suite started-at="2024-06-27T11:18:41 BOT" name="Default suite" finished-at="2024-06-27T11:18:41 BOT" duration-ms="55">
    <groups>
    </groups>
    <test started-at="2024-06-27T11:18:41 BOT" name="Default test" finished-at="2024-06-27T11:18:41 BOT" duration-ms="55">
      <class name="test.demo1">
        <test-method signature="T_01()[pri:0, instance:test.demo1@6fe7aac8]" started-at="2024-06-27T11:18:41 BOT" name="T_01" finished-at="2024-06-27T11:18:41 BOT" duration-ms="15" status="PASS">
          <reporter-output>
          </reporter-output>
        </test-method> <!-- T_01 -->
      </class> <!-- test.demo1 -->
    </test> <!-- Default test -->
  </suite> <!-- Default suite -->
</testng-results>
